<?xml version="1.0" encoding="UTF-8"?>
<!-- Generated by org.testng.reporters.JUnitReportReporter -->
<testsuite hostname="WINDOWS-CLVV397" name="Test2" tests="1" failures="0" timestamp="4 Aug 2019 20:01:31 GMT" time="0.001" errors="0">
  <testcase name="test12" time="0.001" classname="Test2"/>
</testsuite> <!-- Test2 -->
