<?xml version="1.0" encoding="UTF-8"?>
<!-- Generated by org.testng.reporters.JUnitReportReporter -->
<testsuite hostname="WINDOWS-CLVV397" name="Test" tests="1" failures="0" timestamp="4 Aug 2019 20:16:10 GMT" time="14.654" errors="0">
  <testcase name="test11" time="14.654" classname="Test"/>
</testsuite> <!-- Test -->
