<?xml version="1.0" encoding="UTF-8"?>
<!-- Generated by org.testng.reporters.JUnitReportReporter -->
<testsuite hostname="WINDOWS-CLVV397" name="Test" tests="1" failures="0" timestamp="4 Aug 2019 20:07:01 GMT" time="9.989" errors="0">
  <testcase name="test11" time="9.989" classname="Test"/>
</testsuite> <!-- Test -->
